<?xml version="1.0" encoding="utf-8"?><testsuites><testsuite name="pytest" errors="0" failures="0" skipped="0" tests="3" time="8.777" timestamp="2025-06-09T16:26:41.588576+02:00" hostname="CL1044-POZ-AM"><testcase classname="tests.api.test_routers" name="test_get_summary_success" time="1.245" /><testcase classname="tests.api.test_routers" name="test_get_summary_raises_for_status" time="0.672" /><testcase classname="tests.test_main" name="test_docs_endpoint" time="0.039" /></testsuite></testsuites>